Using pre-set license
Built from '2020.3/staging' branch; Version is '2020.3.26f1 (7298b473bc1a) revision 7510196'; Using compiler version '192528614'; Build Type 'Release'
OS: 'Windows 11  (10.0.22000) 64bit Professional' Language: 'tr' Physical Memory: 16241 MB
BatchMode: 1, IsHumanControllingUs: 0, StartBugReporterOnCrash: 0, Is64bit: 1, IsPro: 0

COMMAND LINE ARGUMENTS:
D:\Unity\Editor\2020.3.26f1\Editor\Unity.exe
-adb2
-batchMode
-noUpm
-name
AssetImportWorker0
-projectPath
D:/Zerosum-Case-Game-Developer-main
-logFile
Logs/AssetImportWorker0.log
-srvPort
53449
Successfully changed project path to: D:/Zerosum-Case-Game-Developer-main
D:/Zerosum-Case-Game-Developer-main
Using Asset Import Pipeline V2.
Refreshing native plugins compatible for Editor in 81.98 ms, found 2 plugins.
Preloading 0 native plugins for Editor in 0.00 ms.
Initialize engine version: 2020.3.26f1 (7298b473bc1a)
[Subsystems] Discovering subsystems at path D:/Unity/Editor/2020.3.26f1/Editor/Data/Resources/UnitySubsystems
[Subsystems] Discovering subsystems at path D:/Zerosum-Case-Game-Developer-main/Assets
GfxDevice: creating device client; threaded=0
Direct3D:
    Version:  Direct3D 11.0 [level 11.1]
    Renderer: NVIDIA GeForce GTX 1650 (ID=0x1f91)
    Vendor:   
    VRAM:     3962 MB
    Driver:   30.0.15.1123
Initialize mono
Mono path[0] = 'D:/Unity/Editor/2020.3.26f1/Editor/Data/Managed'
Mono path[1] = 'D:/Unity/Editor/2020.3.26f1/Editor/Data/MonoBleedingEdge/lib/mono/unityjit'
Mono config path = 'D:/Unity/Editor/2020.3.26f1/Editor/Data/MonoBleedingEdge/etc'
Using monoOptions --debugger-agent=transport=dt_socket,embedding=1,server=y,suspend=n,address=127.0.0.1:56108
Begin MonoManager ReloadAssembly
Registering precompiled unity dll's ...
Register platform support module: D:/Unity/Editor/2020.3.26f1/Editor/Data/PlaybackEngines/WebGLSupport/UnityEditor.WebGL.Extensions.dll
Register platform support module: D:/Unity/Editor/2020.3.26f1/Editor/Data/PlaybackEngines/WindowsStandaloneSupport/UnityEditor.WindowsStandalone.Extensions.dll
Registered in 0.001109 seconds.
Native extension for WindowsStandalone target not found
Native extension for WebGL target not found
Refreshing native plugins compatible for Editor in 84.18 ms, found 2 plugins.
Preloading 0 native plugins for Editor in 0.00 ms.
Mono: successfully reloaded assembly
- Completed reload, in  0.614 seconds
Domain Reload Profiling:
	ReloadAssembly (614ms)
		BeginReloadAssembly (66ms)
			ExecutionOrderSort (0ms)
			DisableScriptedObjects (0ms)
			BackupInstance (0ms)
			ReleaseScriptingObjects (0ms)
			CreateAndSetChildDomain (1ms)
		EndReloadAssembly (483ms)
			LoadAssemblies (66ms)
			RebuildTransferFunctionScriptingTraits (0ms)
			SetupTypeCache (154ms)
			ReleaseScriptCaches (0ms)
			RebuildScriptCaches (32ms)
			SetupLoadedEditorAssemblies (206ms)
				LogAssemblyErrors (0ms)
				InitializePlatformSupportModulesInManaged (5ms)
				SetLoadedEditorAssemblies (0ms)
				RefreshPlugins (84ms)
				BeforeProcessingInitializeOnLoad (9ms)
				ProcessInitializeOnLoadAttributes (81ms)
				ProcessInitializeOnLoadMethodAttributes (26ms)
				AfterProcessingInitializeOnLoad (0ms)
				EditorAssembliesLoaded (0ms)
			ExecutionOrderSort2 (0ms)
			AwakeInstancesAfterBackupRestoration (0ms)
Platform modules already initialized, skipping
Registering precompiled user dll's ...
Registered in 0.004660 seconds.
Begin MonoManager ReloadAssembly
Native extension for WindowsStandalone target not found
Native extension for WebGL target not found
Refreshing native plugins compatible for Editor in 82.63 ms, found 2 plugins.
Preloading 0 native plugins for Editor in 0.00 ms.
Mono: successfully reloaded assembly
- Completed reload, in  1.187 seconds
Domain Reload Profiling:
	ReloadAssembly (1188ms)
		BeginReloadAssembly (149ms)
			ExecutionOrderSort (0ms)
			DisableScriptedObjects (4ms)
			BackupInstance (0ms)
			ReleaseScriptingObjects (0ms)
			CreateAndSetChildDomain (18ms)
		EndReloadAssembly (981ms)
			LoadAssemblies (111ms)
			RebuildTransferFunctionScriptingTraits (0ms)
			SetupTypeCache (336ms)
			ReleaseScriptCaches (0ms)
			RebuildScriptCaches (54ms)
			SetupLoadedEditorAssemblies (376ms)
				LogAssemblyErrors (0ms)
				InitializePlatformSupportModulesInManaged (5ms)
				SetLoadedEditorAssemblies (0ms)
				RefreshPlugins (83ms)
				BeforeProcessingInitializeOnLoad (72ms)
				ProcessInitializeOnLoadAttributes (205ms)
				ProcessInitializeOnLoadMethodAttributes (8ms)
				AfterProcessingInitializeOnLoad (2ms)
				EditorAssembliesLoaded (0ms)
			ExecutionOrderSort2 (0ms)
			AwakeInstancesAfterBackupRestoration (6ms)
Platform modules already initialized, skipping
========================================================================
Worker process is ready to serve import requests
Launched and connected shader compiler UnityShaderCompiler.exe after 0.07 seconds
Refreshing native plugins compatible for Editor in 1.33 ms, found 2 plugins.
Preloading 0 native plugins for Editor in 0.00 ms.
Unloading 3058 Unused Serialized files (Serialized files now loaded: 0)
System memory in use before: 141.7 MB.
System memory in use after: 141.9 MB.

Unloading 21 unused Assets to reduce memory usage. Loaded Objects now: 3495.
Total: 2.990300 ms (FindLiveObjects: 0.194700 ms CreateObjectMapping: 0.106500 ms MarkObjects: 2.613600 ms  DeleteObjects: 0.074700 ms)

AssetImportParameters requested are different than current active one (requested -> active):
  custom:framework-win-MediaFoundation: 216162199b28c13a410421893ffa2e32 -> 
  custom:video-decoder-ogg-theora: a1e56fd34408186e4bbccfd4996cb3dc -> 
  custom:container-muxer-webm: aa71ff27fc2769a1b78a27578f13a17b -> 
  custom:container-demuxer-webm: 4f35f7cbe854078d1ac9338744f61a02 -> 
  custom:container-demuxer-ogg: 62fdf1f143b41e24485cea50d1cbac27 -> 
  custom:video-encoder-webm-vp8: eb34c28f22e8b96e1ab97ce403110664 -> 
  custom:video-decoder-webm-vp8: 9c59270c3fd7afecdb556c50c9e8de78 -> 
  custom:audio-decoder-ogg-vorbis: bf7c407c2cedff20999df2af8eb42d56 -> 
  custom:audio-encoder-webm-vorbis: bf7c407c2cedff20999df2af8eb42d56 -> 
========================================================================
Received Import Request.
  path: Assets/Scenes/1.unity
  artifactKey: Guid(53378390da6b14165a3dab19c48c406a) Importer(815301076,1909f56bfc062723c751e8b465ee728b)
Start importing Assets/Scenes/1.unity using Guid(53378390da6b14165a3dab19c48c406a) Importer(815301076,1909f56bfc062723c751e8b465ee728b)  -> (artifact id: 'a18989ac2150176f1e6fc7a2a1ea8b0f') in 0.022756 seconds 
  Import took 0.027224 seconds .

========================================================================
Received Import Request.
  Time since last request: 10.815456 seconds.
  path: Assets/Prefabs/--GameManager--.prefab
  artifactKey: Guid(882181e04990c394c88a36ee6d36f9b6) Importer(815301076,1909f56bfc062723c751e8b465ee728b)
Start importing Assets/Prefabs/--GameManager--.prefab using Guid(882181e04990c394c88a36ee6d36f9b6) Importer(815301076,1909f56bfc062723c751e8b465ee728b)  -> (artifact id: '21741b0ffe0556414aec6f5387b7afb9') in 0.093658 seconds 
  Import took 0.098274 seconds .

========================================================================
Received Import Request.
  Time since last request: 0.000250 seconds.
  path: Assets/Prefabs/PlayerParent.prefab
  artifactKey: Guid(cecf8adfa81119b499391b3c2add9b2b) Importer(815301076,1909f56bfc062723c751e8b465ee728b)
Start importing Assets/Prefabs/PlayerParent.prefab using Guid(cecf8adfa81119b499391b3c2add9b2b) Importer(815301076,1909f56bfc062723c751e8b465ee728b)  -> (artifact id: '3b556f3589ca912b8ae8097aba0ff95d') in 1.569316 seconds 
  Import took 1.576349 seconds .

========================================================================
Received Import Request.
  Time since last request: 0.000304 seconds.
  path: Assets/Prefabs/FinishLevel.prefab
  artifactKey: Guid(22b810f94f8224f42a166583e8c47e15) Importer(815301076,1909f56bfc062723c751e8b465ee728b)
Start importing Assets/Prefabs/FinishLevel.prefab using Guid(22b810f94f8224f42a166583e8c47e15) Importer(815301076,1909f56bfc062723c751e8b465ee728b)  -> (artifact id: 'eead33515340cfcac28fd131732770c4') in 1.172713 seconds 
  Import took 1.189958 seconds .

========================================================================
Received Import Request.
  Time since last request: 0.000271 seconds.
  path: Assets/Prefabs/ReverseStair.prefab
  artifactKey: Guid(8941151e0adb1e74d8d2057b8055db60) Importer(815301076,1909f56bfc062723c751e8b465ee728b)
Start importing Assets/Prefabs/ReverseStair.prefab using Guid(8941151e0adb1e74d8d2057b8055db60) Importer(815301076,1909f56bfc062723c751e8b465ee728b)  -> (artifact id: '414f3fad90e5eda1676f0d47394ba2ca') in 0.021717 seconds 
  Import took 0.027264 seconds .

========================================================================
Received Import Request.
  Time since last request: 0.000219 seconds.
  path: Assets/Prefabs/Stairs.prefab
  artifactKey: Guid(457a1538e47426142ac399d62c0f2ae6) Importer(815301076,1909f56bfc062723c751e8b465ee728b)
Start importing Assets/Prefabs/Stairs.prefab using Guid(457a1538e47426142ac399d62c0f2ae6) Importer(815301076,1909f56bfc062723c751e8b465ee728b)  -> (artifact id: 'd73fe22f9572d8a6c453c9139d91ebaa') in 0.015452 seconds 
  Import took 0.020296 seconds .

========================================================================
Received Import Request.
  Time since last request: 0.000168 seconds.
  path: Assets/Prefabs/aj.prefab
  artifactKey: Guid(1b00b9edd59fa354689564f335cbe408) Importer(815301076,1909f56bfc062723c751e8b465ee728b)
Start importing Assets/Prefabs/aj.prefab using Guid(1b00b9edd59fa354689564f335cbe408) Importer(815301076,1909f56bfc062723c751e8b465ee728b)  -> (artifact id: '9269a7cec3ad5228f2cbde6c24c4453d') in 0.010149 seconds 
  Import took 0.014679 seconds .

========================================================================
Received Import Request.
  Time since last request: 0.000241 seconds.
  path: Assets/Prefabs/Platfrom.prefab
  artifactKey: Guid(340e59c3f8c0842448281814e955891e) Importer(815301076,1909f56bfc062723c751e8b465ee728b)
Start importing Assets/Prefabs/Platfrom.prefab using Guid(340e59c3f8c0842448281814e955891e) Importer(815301076,1909f56bfc062723c751e8b465ee728b)  -> (artifact id: '7beb826f3629fa6658c4ab916a969ef7') in 0.015226 seconds 
  Import took 0.019711 seconds .

========================================================================
Received Import Request.
  Time since last request: 3.090011 seconds.
  path: Assets/Prefabs/UI
  artifactKey: Guid(ee5c4cbeb02b9f64497e135379868ac6) Importer(815301076,1909f56bfc062723c751e8b465ee728b)
Start importing Assets/Prefabs/UI using Guid(ee5c4cbeb02b9f64497e135379868ac6) Importer(815301076,1909f56bfc062723c751e8b465ee728b)  -> (artifact id: 'dcb0c8f035964122e025deb052aca000') in 0.007297 seconds 
  Import took 0.012047 seconds .

========================================================================
Received Import Request.
  Time since last request: 0.163982 seconds.
  path: Assets/Prefabs/UI/DiaFloat.prefab
  artifactKey: Guid(00e777216304f3948a266fcae083aadc) Importer(815301076,1909f56bfc062723c751e8b465ee728b)
Start importing Assets/Prefabs/UI/DiaFloat.prefab using Guid(00e777216304f3948a266fcae083aadc) Importer(815301076,1909f56bfc062723c751e8b465ee728b)  -> (artifact id: '9759efea1142c16e4dfc2be1cd00b94b') in 0.115987 seconds 
  Import took 0.120667 seconds .

========================================================================
Received Import Request.
  Time since last request: 0.000252 seconds.
  path: Assets/Prefabs/UI/Level+1.prefab
  artifactKey: Guid(f598a98300e3b5f4d8366ce6acebde8e) Importer(815301076,1909f56bfc062723c751e8b465ee728b)
Start importing Assets/Prefabs/UI/Level+1.prefab using Guid(f598a98300e3b5f4d8366ce6acebde8e) Importer(815301076,1909f56bfc062723c751e8b465ee728b)  -> (artifact id: 'b8d1efc8506c046177db6c6766a2afa6') in 0.070798 seconds 
  Import took 0.075848 seconds .

========================================================================
Received Import Request.
  Time since last request: 95.434847 seconds.
  path: Assets/Prefabs/UI/Level+1.prefab
  artifactKey: Guid(f598a98300e3b5f4d8366ce6acebde8e) Importer(815301076,1909f56bfc062723c751e8b465ee728b)
Start importing Assets/Prefabs/UI/Level+1.prefab using Guid(f598a98300e3b5f4d8366ce6acebde8e) Importer(815301076,1909f56bfc062723c751e8b465ee728b)  -> (artifact id: '923a4197e5e8bde04f72a1d67a40a92d') in 0.015412 seconds 
  Import took 0.020950 seconds .

========================================================================
Received Prepare
Registering precompiled user dll's ...
Registered in 0.004746 seconds.
Begin MonoManager ReloadAssembly
Native extension for WindowsStandalone target not found
Native extension for WebGL target not found
Refreshing native plugins compatible for Editor in 1.59 ms, found 2 plugins.
Preloading 0 native plugins for Editor in 0.00 ms.
Mono: successfully reloaded assembly
- Completed reload, in  1.266 seconds
Domain Reload Profiling:
	ReloadAssembly (1266ms)
		BeginReloadAssembly (157ms)
			ExecutionOrderSort (0ms)
			DisableScriptedObjects (7ms)
			BackupInstance (0ms)
			ReleaseScriptingObjects (0ms)
			CreateAndSetChildDomain (44ms)
		EndReloadAssembly (1047ms)
			LoadAssemblies (119ms)
			RebuildTransferFunctionScriptingTraits (0ms)
			SetupTypeCache (380ms)
			ReleaseScriptCaches (1ms)
			RebuildScriptCaches (55ms)
			SetupLoadedEditorAssemblies (339ms)
				LogAssemblyErrors (0ms)
				InitializePlatformSupportModulesInManaged (7ms)
				SetLoadedEditorAssemblies (1ms)
				RefreshPlugins (2ms)
				BeforeProcessingInitializeOnLoad (73ms)
				ProcessInitializeOnLoadAttributes (245ms)
				ProcessInitializeOnLoadMethodAttributes (10ms)
				AfterProcessingInitializeOnLoad (2ms)
				EditorAssembliesLoaded (0ms)
			ExecutionOrderSort2 (0ms)
			AwakeInstancesAfterBackupRestoration (17ms)
Platform modules already initialized, skipping
Refreshing native plugins compatible for Editor in 0.95 ms, found 2 plugins.
Preloading 0 native plugins for Editor in 0.00 ms.
Unloading 2926 Unused Serialized files (Serialized files now loaded: 0)
System memory in use before: 152.7 MB.
System memory in use after: 152.9 MB.

Unloading 18 unused Assets to reduce memory usage. Loaded Objects now: 3546.
Total: 3.805500 ms (FindLiveObjects: 0.290600 ms CreateObjectMapping: 0.195300 ms MarkObjects: 3.220600 ms  DeleteObjects: 0.097800 ms)

AssetImportParameters requested are different than current active one (requested -> active):
  custom:framework-win-MediaFoundation: 216162199b28c13a410421893ffa2e32 -> 
  custom:video-decoder-ogg-theora: a1e56fd34408186e4bbccfd4996cb3dc -> 
  custom:container-muxer-webm: aa71ff27fc2769a1b78a27578f13a17b -> 
  custom:container-demuxer-webm: 4f35f7cbe854078d1ac9338744f61a02 -> 
  custom:container-demuxer-ogg: 62fdf1f143b41e24485cea50d1cbac27 -> 
  custom:video-encoder-webm-vp8: eb34c28f22e8b96e1ab97ce403110664 -> 
  custom:video-decoder-webm-vp8: 9c59270c3fd7afecdb556c50c9e8de78 -> 
  custom:audio-decoder-ogg-vorbis: bf7c407c2cedff20999df2af8eb42d56 -> 
  custom:audio-encoder-webm-vorbis: bf7c407c2cedff20999df2af8eb42d56 -> 
========================================================================
Received Import Request.
  Time since last request: 70.348410 seconds.
  path: Assets/Prefabs/UI/Level+1.prefab
  artifactKey: Guid(f598a98300e3b5f4d8366ce6acebde8e) Importer(815301076,1909f56bfc062723c751e8b465ee728b)
Start importing Assets/Prefabs/UI/Level+1.prefab using Guid(f598a98300e3b5f4d8366ce6acebde8e) Importer(815301076,1909f56bfc062723c751e8b465ee728b)  -> (artifact id: '153c7826e5a760e9efd919ac66d2b850') in 0.076991 seconds 
  Import took 0.082824 seconds .

========================================================================
Received Import Request.
  Time since last request: 6.499460 seconds.
  path: Assets/Prefabs/UI/Level+1.prefab
  artifactKey: Guid(f598a98300e3b5f4d8366ce6acebde8e) Importer(815301076,1909f56bfc062723c751e8b465ee728b)
Start importing Assets/Prefabs/UI/Level+1.prefab using Guid(f598a98300e3b5f4d8366ce6acebde8e) Importer(815301076,1909f56bfc062723c751e8b465ee728b)  -> (artifact id: '86941ebe0cb1232ef130cc0ae5b19da4') in 0.010327 seconds 
  Import took 0.015154 seconds .

========================================================================
Received Import Request.
  Time since last request: 27.278755 seconds.
  path: Assets/Prefabs/UI/DiaFloat.prefab
  artifactKey: Guid(00e777216304f3948a266fcae083aadc) Importer(815301076,1909f56bfc062723c751e8b465ee728b)
Start importing Assets/Prefabs/UI/DiaFloat.prefab using Guid(00e777216304f3948a266fcae083aadc) Importer(815301076,1909f56bfc062723c751e8b465ee728b)  -> (artifact id: '2c577c8b0a4d3e591a7d45db4214c4b0') in 0.020352 seconds 
  Import took 0.026134 seconds .

========================================================================
Received Import Request.
  Time since last request: 3.671074 seconds.
  path: Assets/Prefabs/UI/DiaFloat.prefab
  artifactKey: Guid(00e777216304f3948a266fcae083aadc) Importer(815301076,1909f56bfc062723c751e8b465ee728b)
Start importing Assets/Prefabs/UI/DiaFloat.prefab using Guid(00e777216304f3948a266fcae083aadc) Importer(815301076,1909f56bfc062723c751e8b465ee728b)  -> (artifact id: 'ad5a56598b82dc103546a8c0b1f0eee9') in 0.014113 seconds 
  Import took 0.020832 seconds .

========================================================================
Received Import Request.
  Time since last request: 5.963081 seconds.
  path: Assets/Prefabs/UI/DiaFloat.prefab
  artifactKey: Guid(00e777216304f3948a266fcae083aadc) Importer(815301076,1909f56bfc062723c751e8b465ee728b)
Start importing Assets/Prefabs/UI/DiaFloat.prefab using Guid(00e777216304f3948a266fcae083aadc) Importer(815301076,1909f56bfc062723c751e8b465ee728b)  -> (artifact id: '183e17cfd32d343c8fbea3ae5da52bc0') in 0.011206 seconds 
  Import took 0.017781 seconds .

========================================================================
Received Prepare
Registering precompiled user dll's ...
Registered in 0.005341 seconds.
Begin MonoManager ReloadAssembly
Native extension for WindowsStandalone target not found
Native extension for WebGL target not found
Refreshing native plugins compatible for Editor in 0.83 ms, found 2 plugins.
Preloading 0 native plugins for Editor in 0.00 ms.
Mono: successfully reloaded assembly
- Completed reload, in  1.032 seconds
Domain Reload Profiling:
	ReloadAssembly (1033ms)
		BeginReloadAssembly (120ms)
			ExecutionOrderSort (0ms)
			DisableScriptedObjects (4ms)
			BackupInstance (0ms)
			ReleaseScriptingObjects (0ms)
			CreateAndSetChildDomain (35ms)
		EndReloadAssembly (862ms)
			LoadAssemblies (108ms)
			RebuildTransferFunctionScriptingTraits (0ms)
			SetupTypeCache (321ms)
			ReleaseScriptCaches (1ms)
			RebuildScriptCaches (44ms)
			SetupLoadedEditorAssemblies (274ms)
				LogAssemblyErrors (0ms)
				InitializePlatformSupportModulesInManaged (4ms)
				SetLoadedEditorAssemblies (1ms)
				RefreshPlugins (1ms)
				BeforeProcessingInitializeOnLoad (56ms)
				ProcessInitializeOnLoadAttributes (203ms)
				ProcessInitializeOnLoadMethodAttributes (8ms)
				AfterProcessingInitializeOnLoad (2ms)
				EditorAssembliesLoaded (0ms)
			ExecutionOrderSort2 (0ms)
			AwakeInstancesAfterBackupRestoration (14ms)
Platform modules already initialized, skipping
Refreshing native plugins compatible for Editor in 0.77 ms, found 2 plugins.
Preloading 0 native plugins for Editor in 0.00 ms.
Unloading 2926 Unused Serialized files (Serialized files now loaded: 0)
System memory in use before: 152.7 MB.
System memory in use after: 152.9 MB.

Unloading 16 unused Assets to reduce memory usage. Loaded Objects now: 3548.
Total: 3.296800 ms (FindLiveObjects: 0.220100 ms CreateObjectMapping: 0.110800 ms MarkObjects: 2.950500 ms  DeleteObjects: 0.014600 ms)

AssetImportParameters requested are different than current active one (requested -> active):
  custom:framework-win-MediaFoundation: 216162199b28c13a410421893ffa2e32 -> 
  custom:video-decoder-ogg-theora: a1e56fd34408186e4bbccfd4996cb3dc -> 
  custom:container-muxer-webm: aa71ff27fc2769a1b78a27578f13a17b -> 
  custom:container-demuxer-webm: 4f35f7cbe854078d1ac9338744f61a02 -> 
  custom:container-demuxer-ogg: 62fdf1f143b41e24485cea50d1cbac27 -> 
  custom:video-encoder-webm-vp8: eb34c28f22e8b96e1ab97ce403110664 -> 
  custom:video-decoder-webm-vp8: 9c59270c3fd7afecdb556c50c9e8de78 -> 
  custom:audio-decoder-ogg-vorbis: bf7c407c2cedff20999df2af8eb42d56 -> 
  custom:audio-encoder-webm-vorbis: bf7c407c2cedff20999df2af8eb42d56 -> 
AssetImportWorkerClient::OnTransportError - code=2 error=End of file
